
> manage@0.1.0 start /root/F-monitor/manage
> next start

Error: listen EADDRINUSE: address already in use 0.0.0.0:3000
    at Server.setupListenHandle [as _listen2] (net.js:1318:16)
    at listenInCluster (net.js:1366:12)
    at doListen (net.js:1503:7)
    at processTicksAndRejections (internal/process/task_queues.js:81:21) {
  code: 'EADDRINUSE',
  errno: -98,
  syscall: 'listen',
  address: '0.0.0.0',
  port: 3000
}
npm ERR! code ELIFECYCLE
npm ERR! errno 1
npm ERR! manage@0.1.0 start: `next start`
npm ERR! Exit status 1
npm ERR! 
npm ERR! Failed at the manage@0.1.0 start script.
npm ERR! This is probably not a problem with npm. There is likely additional logging output above.

npm ERR! A complete log of this run can be found in:
npm ERR!     /root/.npm/_logs/2022-08-22T01_13_13_743Z-debug.log

> manage@0.1.0 start /root/F-monitor/manage
> next start -p 7001

ready - started server on 0.0.0.0:7001, url: http://localhost:7001

> manage@0.1.0 start /root/F-monitor/manage
> next start -p 7001

ready - started server on 0.0.0.0:7001, url: http://localhost:7001

> manage@0.1.0 start /root/F-monitor/manage
> next start -p 7001

ready - started server on 0.0.0.0:7001, url: http://localhost:7001
